<?xml version="1.0" encoding="UTF-8"?>
<!-- Generated by org.testng.reporters.JUnitReportReporter -->
<testsuite hostname="SCIL-GWL-355" failures="0" tests="1" name="com.DowntimeModule.ReasonLinking" time="6.567" errors="0" timestamp="2025-08-13T16:40:18 IST" skipped="0">
  <testcase classname="com.DowntimeModule.ReasonLinking" name="Reasonlinkingpage" time="6.567"/>
  <system-out/>
</testsuite> <!-- com.DowntimeModule.ReasonLinking -->
