<?xml version="1.0" encoding="UTF-8"?>
<!-- Generated by org.testng.reporters.JUnitReportReporter -->
<testsuite hostname="SCIL-GWL-355" failures="0" tests="1" name="com.DowntimeShiftview.VerifyShiftCViewDisplaysDataForDifferentShiftsTest" time="11.159" errors="0" timestamp="2025-09-18T11:23:24 IST" skipped="0">
  <testcase classname="com.DowntimeShiftview.VerifyShiftCViewDisplaysDataForDifferentShiftsTest" name="VerifyShiftBViewDisplaysDataForDifferentShiftsTest" time="11.159"/>
  <system-out/>
</testsuite> <!-- com.DowntimeShiftview.VerifyShiftCViewDisplaysDataForDifferentShiftsTest -->
