<?xml version="1.0" encoding="UTF-8"?>
<!-- Generated by org.testng.reporters.JUnitReportReporter -->
<testsuite hostname="SCIL-GWL-355" failures="0" tests="1" name="com.ReasonLinkingPage.ReasonLinkingLinkedExportTest" time="8.679" errors="0" timestamp="2025-09-09T16:37:03 IST" skipped="0">
  <testcase classname="com.ReasonLinkingPage.ReasonLinkingLinkedExportTest" name="Reasonlinkingpage" time="8.679"/>
  <system-out/>
</testsuite> <!-- com.ReasonLinkingPage.ReasonLinkingLinkedExportTest -->
