<?xml version="1.0" encoding="UTF-8"?>
<!-- Generated by org.testng.reporters.JUnitReportReporter -->
<testsuite hostname="SCIL-GWL-355" failures="0" tests="1" name="com.ReasonLinkingPage.CheckCycleSourceData" time="10.555" errors="0" timestamp="2025-09-09T15:33:30 IST" skipped="0">
  <testcase classname="com.ReasonLinkingPage.CheckCycleSourceData" name="Reasonlinkingpage" time="10.555"/>
  <system-out/>
</testsuite> <!-- com.ReasonLinkingPage.CheckCycleSourceData -->
