<?xml version="1.0" encoding="UTF-8"?>
<!-- Generated by org.testng.reporters.JUnitReportReporter -->
<testsuite hostname="SCIL-GWL-355" failures="0" tests="1" name="com.ReasonLinkingPage.CheckExportAlldata" time="8.433" errors="0" timestamp="2025-09-09T15:35:03 IST" skipped="0">
  <testcase classname="com.ReasonLinkingPage.CheckExportAlldata" name="Reasonlinkingpage" time="8.433"/>
  <system-out/>
</testsuite> <!-- com.ReasonLinkingPage.CheckExportAlldata -->
