<?xml version="1.0" encoding="UTF-8"?>
<!-- Generated by org.testng.reporters.JUnitReportReporter -->
<testsuite hostname="SCIL-GWL-355" failures="0" tests="1" name="com.ReasonLinkingPage.ReasonLinkingUnlinkedFilterTest" time="6.372" errors="0" timestamp="2025-09-09T16:44:18 IST" skipped="0">
  <testcase classname="com.ReasonLinkingPage.ReasonLinkingUnlinkedFilterTest" name="Reasonlinkingpage" time="6.372"/>
  <system-out/>
</testsuite> <!-- com.ReasonLinkingPage.ReasonLinkingUnlinkedFilterTest -->
