<?xml version="1.0" encoding="UTF-8"?>
<!-- Generated by org.testng.reporters.JUnitReportReporter -->
<testsuite hostname="SCIL-GWL-355" failures="0" tests="1" name="com.DowntimeShiftview.VerifyNavigationToShiftViewPageTest" time="10.572" errors="0" timestamp="2025-09-17T12:28:59 IST" skipped="0">
  <testcase classname="com.DowntimeShiftview.VerifyNavigationToShiftViewPageTest" name="VerifyNavigationToShiftViewPageTest" time="10.572"/>
  <system-out/>
</testsuite> <!-- com.DowntimeShiftview.VerifyNavigationToShiftViewPageTest -->
