<?xml version="1.0" encoding="UTF-8"?>
<!-- Generated by org.testng.reporters.JUnitReportReporter -->
<testsuite hostname="SCIL-GWL-355" failures="0" tests="1" name="com.DowntimeModule.ResonlinkingData" time="9.463" errors="0" timestamp="2025-08-20T13:03:45 IST" skipped="0">
  <testcase classname="com.DowntimeModule.ResonlinkingData" name="Reasonlinkingpage" time="9.463"/>
  <system-out/>
</testsuite> <!-- com.DowntimeModule.ResonlinkingData -->
