<?xml version="1.0" encoding="UTF-8"?>
<!-- Generated by org.testng.reporters.JUnitReportReporter -->
<testsuite hostname="SCIL-GWL-355" failures="0" tests="1" name="com.ReasonLinkingPage.ReasonLinkingUnlinkedExportTest" time="9.732" errors="0" timestamp="2025-09-09T16:43:16 IST" skipped="0">
  <testcase classname="com.ReasonLinkingPage.ReasonLinkingUnlinkedExportTest" name="Reasonlinkingpage" time="9.732"/>
  <system-out/>
</testsuite> <!-- com.ReasonLinkingPage.ReasonLinkingUnlinkedExportTest -->
