<?xml version="1.0" encoding="UTF-8"?>
<!-- Generated by org.testng.reporters.JUnitReportReporter -->
<testsuite hostname="SCIL-GWL-355" failures="0" tests="1" name="com.ReasonLinkingPage.CheckReasonLinkedData" time="6.322" errors="0" timestamp="2025-09-09T15:38:23 IST" skipped="0">
  <testcase classname="com.ReasonLinkingPage.CheckReasonLinkedData" name="Reasonlinkingpage" time="6.322"/>
  <system-out/>
</testsuite> <!-- com.ReasonLinkingPage.CheckReasonLinkedData -->
