<?xml version="1.0" encoding="UTF-8"?>
<!-- Generated by org.testng.reporters.JUnitReportReporter -->
<testsuite hostname="SCIL-GWL-355" failures="0" tests="1" name="com.DowntimeModule.CheckDownTimeDasboardData" time="8.938" errors="0" timestamp="2025-08-25T11:00:42 IST" skipped="0">
  <testcase classname="com.DowntimeModule.CheckDownTimeDasboardData" name="DownTimeDasboardData" time="8.938"/>
  <system-out/>
</testsuite> <!-- com.DowntimeModule.CheckDownTimeDasboardData -->
