<?xml version="1.0" encoding="UTF-8"?>
<!-- Generated by org.testng.reporters.JUnitReportReporter -->
<testsuite hostname="SCIL-GWL-355" failures="0" tests="1" name="com.ReasonLinkingPage.CheckLinkedDataExport" time="7.602" errors="0" timestamp="2025-08-25T17:56:44 IST" skipped="0">
  <testcase classname="com.ReasonLinkingPage.CheckLinkedDataExport" name="Reasonlinkingpage" time="7.602"/>
  <system-out/>
</testsuite> <!-- com.ReasonLinkingPage.CheckLinkedDataExport -->
