<?xml version="1.0" encoding="UTF-8"?>
<!-- Generated by org.testng.reporters.JUnitReportReporter -->
<testsuite hostname="SCIL-GWL-355" failures="0" tests="1" name="com.DowntimeModule.CheckWorstPerformingMachine" time="11.824" errors="0" timestamp="2025-08-22T12:42:30 IST" skipped="0">
  <testcase classname="com.DowntimeModule.CheckWorstPerformingMachine" name="Dashboard" time="11.824"/>
  <system-out/>
</testsuite> <!-- com.DowntimeModule.CheckWorstPerformingMachine -->
