<?xml version="1.0" encoding="UTF-8"?>
<!-- Generated by org.testng.reporters.JUnitReportReporter -->
<testsuite hostname="SCIL-GWL-355" failures="0" tests="1" name="com.ReasonLinkingPage.ReasonLinkingSingleLinkTest" time="8.068" errors="0" timestamp="2025-09-09T16:43:31 IST" skipped="0">
  <testcase classname="com.ReasonLinkingPage.ReasonLinkingSingleLinkTest" name="ReasonLinkingFunctionalityTest" time="8.068"/>
  <system-out/>
</testsuite> <!-- com.ReasonLinkingPage.ReasonLinkingSingleLinkTest -->
