<?xml version="1.0" encoding="UTF-8"?>
<!-- Generated by org.testng.reporters.JUnitReportReporter -->
<testsuite hostname="SCIL-GWL-355" failures="0" tests="1" name="com.DowntimeModule.LinkedDowntime" time="15.175" errors="0" timestamp="2025-08-20T13:09:39 IST" skipped="0">
  <testcase classname="com.DowntimeModule.LinkedDowntime" name="Reasonlinkingpage" time="15.175"/>
  <system-out/>
</testsuite> <!-- com.DowntimeModule.LinkedDowntime -->
