<?xml version="1.0" encoding="UTF-8"?>
<!-- Generated by org.testng.reporters.JUnitReportReporter -->
<testsuite hostname="SCIL-GWL-355" failures="0" tests="1" name="com.DowntimeModule.SearchLinkedDowntimeData" time="6.193" errors="0" timestamp="2025-08-19T12:06:02 IST" skipped="0">
  <testcase classname="com.DowntimeModule.SearchLinkedDowntimeData" name="Reasonlinkingpage" time="6.193"/>
  <system-out/>
</testsuite> <!-- com.DowntimeModule.SearchLinkedDowntimeData -->
