<?xml version="1.0" encoding="UTF-8"?>
<!-- Generated by org.testng.reporters.JUnitReportReporter -->
<testsuite hostname="SCIL-GWL-355" failures="0" tests="1" name="com.DowntimeModule.NavigateReasonLinkingPage" time="7.081" errors="0" timestamp="2025-08-20T15:00:00 IST" skipped="0">
  <testcase classname="com.DowntimeModule.NavigateReasonLinkingPage" name="Reasonlinkingpage" time="7.081"/>
  <system-out/>
</testsuite> <!-- com.DowntimeModule.NavigateReasonLinkingPage -->
