<?xml version="1.0" encoding="UTF-8"?>
<!-- Generated by org.testng.reporters.JUnitReportReporter -->
<testsuite hostname="SCIL-GWL-355" failures="0" tests="1" name="com.DowntimeModule.SearchLinkedData" time="9.266" errors="0" timestamp="2025-08-20T13:04:21 IST" skipped="0">
  <testcase classname="com.DowntimeModule.SearchLinkedData" name="Reasonlinkingpage" time="9.266"/>
  <system-out/>
</testsuite> <!-- com.DowntimeModule.SearchLinkedData -->
