<?xml version="1.0" encoding="UTF-8"?>
<!-- Generated by org.testng.reporters.JUnitReportReporter -->
<testsuite hostname="SCIL-GWL-355" failures="0" tests="1" name="com.ReasonLinkingPage.NavigatetoReasonLinkingPage" time="7.012" errors="0" timestamp="2025-08-20T15:47:58 IST" skipped="0">
  <testcase classname="com.ReasonLinkingPage.NavigatetoReasonLinkingPage" name="Reasonlinkingpage" time="7.012"/>
  <system-out/>
</testsuite> <!-- com.ReasonLinkingPage.NavigatetoReasonLinkingPage -->
