<?xml version="1.0" encoding="UTF-8"?>
<!-- Generated by org.testng.reporters.JUnitReportReporter -->
<testsuite hostname="SCIL-GWL-355" failures="0" tests="1" name="com.ReasonLinkingPage.ReasonLinkingLinkedFilterTest" time="6.695" errors="0" timestamp="2025-09-19T12:08:20 IST" skipped="0">
  <testcase classname="com.ReasonLinkingPage.ReasonLinkingLinkedFilterTest" name="ReasonLinkingLinkedFilterTest" time="6.695"/>
  <system-out/>
</testsuite> <!-- com.ReasonLinkingPage.ReasonLinkingLinkedFilterTest -->
