<?xml version="1.0" encoding="UTF-8"?>
<!-- Generated by org.testng.reporters.JUnitReportReporter -->
<testsuite hostname="SCIL-GWL-355" failures="0" tests="1" name="com.ReasonLinkingPage.ReasonLinkingHandlingSourceFilterTest" time="8.456" errors="0" timestamp="2025-09-09T16:35:33 IST" skipped="0">
  <testcase classname="com.ReasonLinkingPage.ReasonLinkingHandlingSourceFilterTest" name="Reasonlinkingpage" time="8.456"/>
  <system-out/>
</testsuite> <!-- com.ReasonLinkingPage.ReasonLinkingHandlingSourceFilterTest -->
