<?xml version="1.0" encoding="UTF-8"?>
<!-- Generated by org.testng.reporters.JUnitReportReporter -->
<testsuite hostname="SCIL-GWL-355" failures="0" tests="1" name="com.DowntimeModule.CheckBestPerformingMachine" time="12.892" errors="0" timestamp="2025-09-04T13:30:21 IST" skipped="0">
  <testcase classname="com.DowntimeModule.CheckBestPerformingMachine" name="Dashboard" time="12.892"/>
  <system-out/>
</testsuite> <!-- com.DowntimeModule.CheckBestPerformingMachine -->
