<?xml version="1.0" encoding="UTF-8"?>
<!-- Generated by org.testng.reporters.JUnitReportReporter -->
<testsuite hostname="SCIL-GWL-355" failures="0" tests="1" name="com.DowntimeModule.NavigateToDowntimeDashboard" time="8.629" errors="0" timestamp="2025-08-22T17:38:27 IST" skipped="0">
  <testcase classname="com.DowntimeModule.NavigateToDowntimeDashboard" name="Dashboard" time="8.629"/>
  <system-out/>
</testsuite> <!-- com.DowntimeModule.NavigateToDowntimeDashboard -->
