<?xml version="1.0" encoding="UTF-8"?>
<!-- Generated by org.testng.reporters.JUnitReportReporter -->
<testsuite hostname="SCIL-GWL-355" failures="0" tests="1" name="com.DowntimeAnalysisPage.DowntimeAnalysisNavigationTest" time="8.039" errors="0" timestamp="2025-09-19T12:08:20 IST" skipped="0">
  <testcase classname="com.DowntimeAnalysisPage.DowntimeAnalysisNavigationTest" name="DowntimeAnalysisNavigationTest" time="8.039"/>
  <system-out/>
</testsuite> <!-- com.DowntimeAnalysisPage.DowntimeAnalysisNavigationTest -->
