<?xml version="1.0" encoding="UTF-8"?>
<!-- Generated by org.testng.reporters.JUnitReportReporter -->
<testsuite hostname="SCIL-GWL-355" failures="0" tests="1" name="com.ReasonLinkingPage.VerifyBulkResonLinking" time="8.657" errors="0" timestamp="2025-09-09T15:42:08 IST" skipped="0">
  <testcase classname="com.ReasonLinkingPage.VerifyBulkResonLinking" name="Reasonlinkingpage" time="8.657"/>
  <system-out/>
</testsuite> <!-- com.ReasonLinkingPage.VerifyBulkResonLinking -->
