<?xml version="1.0" encoding="UTF-8"?>
<!-- Generated by org.testng.reporters.JUnitReportReporter -->
<testsuite hostname="SCIL-GWL-355" failures="0" tests="1" name="com.DowntimeAnalysisPage.DowntimeAnalysisDropdownValidationTest" time="7.630" errors="0" timestamp="2025-09-09T15:27:23 IST" skipped="0">
  <testcase classname="com.DowntimeAnalysisPage.DowntimeAnalysisDropdownValidationTest" name="Reasonlinkingpage" time="7.630"/>
  <system-out/>
</testsuite> <!-- com.DowntimeAnalysisPage.DowntimeAnalysisDropdownValidationTest -->
