<?xml version="1.0" encoding="UTF-8"?>
<!-- Generated by org.testng.reporters.JUnitReportReporter -->
<testsuite hostname="SCIL-GWL-355" failures="0" tests="1" name="com.ReasonLinkingPage.CheckDataPresentOnTable" time="7.090" errors="0" timestamp="2025-09-09T15:34:09 IST" skipped="0">
  <testcase classname="com.ReasonLinkingPage.CheckDataPresentOnTable" name="Reasonlinkingpage" time="7.090"/>
  <system-out/>
</testsuite> <!-- com.ReasonLinkingPage.CheckDataPresentOnTable -->
