<?xml version="1.0" encoding="UTF-8"?>
<!-- Generated by org.testng.reporters.JUnitReportReporter -->
<testsuite hostname="SCIL-GWL-355" failures="0" tests="1" name="com.DowntimeEnhacementPage.DowntimeEnhacemntTableDataTest" time="12.069" errors="0" timestamp="2025-09-19T12:08:20 IST" skipped="0">
  <testcase classname="com.DowntimeEnhacementPage.DowntimeEnhacemntTableDataTest" name="DowntimeEnhacemntTableDataTest" time="12.069"/>
  <system-out/>
</testsuite> <!-- com.DowntimeEnhacementPage.DowntimeEnhacemntTableDataTest -->
