<?xml version="1.0" encoding="UTF-8"?>
<!-- Generated by org.testng.reporters.JUnitReportReporter -->
<testsuite hostname="SCIL-GWL-355" failures="0" tests="1" name="com.ReasonLinkingPage.CheckBothLinkedandUnlinkedData" time="6.021" errors="0" timestamp="2025-09-09T15:32:26 IST" skipped="0">
  <testcase classname="com.ReasonLinkingPage.CheckBothLinkedandUnlinkedData" name="Reasonlinkingpage" time="6.021"/>
  <system-out/>
</testsuite> <!-- com.ReasonLinkingPage.CheckBothLinkedandUnlinkedData -->
