<?xml version="1.0" encoding="UTF-8"?>
<!-- Generated by org.testng.reporters.JUnitReportReporter -->
<testsuite hostname="SCIL-GWL-355" failures="0" tests="1" name="com.ERP.LoginPage.java.login" time="4.147" errors="0" timestamp="2025-08-11T16:26:14 IST" skipped="0">
  <testcase classname="com.ERP.LoginPage.java.login" name="loginTest" time="4.147"/>
  <system-out/>
</testsuite> <!-- com.ERP.LoginPage.java.login -->
