<?xml version="1.0" encoding="UTF-8"?>
<!-- Generated by org.testng.reporters.JUnitReportReporter -->
<testsuite hostname="SCIL-GWL-355" failures="0" tests="1" name="com.DowntimeAnalysisPage.MonthWiseBarChartNavigationTest" time="11.493" errors="0" timestamp="2025-09-09T12:47:23 IST" skipped="0">
  <testcase classname="com.DowntimeAnalysisPage.MonthWiseBarChartNavigationTest" name="Reasonlinkingpage" time="11.493"/>
  <system-out/>
</testsuite> <!-- com.DowntimeAnalysisPage.MonthWiseBarChartNavigationTest -->
