<?xml version="1.0" encoding="UTF-8"?>
<!-- Generated by org.testng.reporters.JUnitReportReporter -->
<testsuite hostname="SCIL-GWL-355" failures="0" tests="1" name="com.ERP.LoginPage.java.DowntimeDashboardTest" time="8.481" errors="0" timestamp="2025-08-12T17:02:28 IST" skipped="0">
  <testcase classname="com.ERP.LoginPage.java.DowntimeDashboardTest" name="Homepage" time="8.481"/>
  <system-out/>
</testsuite> <!-- com.ERP.LoginPage.java.DowntimeDashboardTest -->
