<?xml version="1.0" encoding="UTF-8"?>
<!-- Generated by org.testng.reporters.JUnitReportReporter -->
<testsuite hostname="SCIL-GWL-355" failures="0" tests="1" name="com.DowntimeModule.ReasonLinkingTableData" time="7.327" errors="0" timestamp="2025-08-20T15:04:47 IST" skipped="0">
  <testcase classname="com.DowntimeModule.ReasonLinkingTableData" name="Reasonlinkingpage" time="7.327"/>
  <system-out/>
</testsuite> <!-- com.DowntimeModule.ReasonLinkingTableData -->
