<?xml version="1.0" encoding="UTF-8"?>
<!-- Generated by org.testng.reporters.JUnitReportReporter -->
<testsuite hostname="SCIL-GWL-355" failures="0" tests="1" name="com.DowntimeModule.DownTimeDasboardData" time="7.978" errors="0" timestamp="2025-08-13T17:06:47 IST" skipped="0">
  <testcase classname="com.DowntimeModule.DownTimeDasboardData" name="DownTimeDasboardData" time="7.978"/>
  <system-out/>
</testsuite> <!-- com.DowntimeModule.DownTimeDasboardData -->
