<?xml version="1.0" encoding="UTF-8"?>
<!-- Generated by org.testng.reporters.JUnitReportReporter -->
<testsuite hostname="SCIL-GWL-355" failures="0" tests="1" name="com.DowntimeModule.Dashboard" time="8.634" errors="0" timestamp="2025-08-20T15:42:26 IST" skipped="0">
  <testcase classname="com.DowntimeModule.Dashboard" name="Dashboard" time="8.634"/>
  <system-out/>
</testsuite> <!-- com.DowntimeModule.Dashboard -->
