<?xml version="1.0" encoding="UTF-8"?>
<!-- Generated by org.testng.reporters.JUnitReportReporter -->
<testsuite hostname="SCIL-GWL-355" failures="0" tests="1" name="com.DowntimeModule.DowntimeDashboardNavigationTest" time="6.673" errors="0" timestamp="2025-09-09T16:25:01 IST" skipped="0">
  <testcase classname="com.DowntimeModule.DowntimeDashboardNavigationTest" name="Dashboard" time="6.673"/>
  <system-out/>
</testsuite> <!-- com.DowntimeModule.DowntimeDashboardNavigationTest -->
