<?xml version="1.0" encoding="UTF-8"?>
<!-- Generated by org.testng.reporters.JUnitReportReporter -->
<testsuite hostname="SCIL-GWL-355" failures="0" tests="1" name="com.DowntimeAnalysisPage.YearlyToMonthlyChartNavigationTest" time="11.401" errors="0" timestamp="2025-09-09T12:51:13 IST" skipped="0">
  <testcase classname="com.DowntimeAnalysisPage.YearlyToMonthlyChartNavigationTest" name="Reasonlinkingpage" time="11.401"/>
  <system-out/>
</testsuite> <!-- com.DowntimeAnalysisPage.YearlyToMonthlyChartNavigationTest -->
