<?xml version="1.0" encoding="UTF-8"?>
<!-- Generated by org.testng.reporters.JUnitReportReporter -->
<testsuite hostname="SCIL-GWL-355" failures="0" tests="1" name="com.ReasonLinkingPage.CheckLinkTheDowntime" time="7.759" errors="0" timestamp="2025-09-09T15:37:49 IST" skipped="0">
  <testcase classname="com.ReasonLinkingPage.CheckLinkTheDowntime" name="Reasonlinkingpage" time="7.759"/>
  <system-out/>
</testsuite> <!-- com.ReasonLinkingPage.CheckLinkTheDowntime -->
