<?xml version="1.0" encoding="UTF-8"?>
<!-- Generated by org.testng.reporters.JUnitReportReporter -->
<testsuite hostname="SCIL-GWL-355" failures="0" tests="1" name="com.DowntimeModule.DowntimeWorstMachineTest" time="7.693" errors="0" timestamp="2025-09-09T16:27:11 IST" skipped="0">
  <testcase classname="com.DowntimeModule.DowntimeWorstMachineTest" name="Dashboard" time="7.693"/>
  <system-out/>
</testsuite> <!-- com.DowntimeModule.DowntimeWorstMachineTest -->
