<?xml version="1.0" encoding="UTF-8"?>
<!-- Generated by org.testng.reporters.JUnitReportReporter -->
<testsuite hostname="SCIL-GWL-355" failures="0" tests="1" name="com.DowntimeAnalysisPage.YearlyToMonthlyChartNavigationTest" time="10.170" errors="0" timestamp="2025-09-19T12:08:20 IST" skipped="0">
  <testcase classname="com.DowntimeAnalysisPage.YearlyToMonthlyChartNavigationTest" name="YearlyToMonthlyChartNavigationTest" time="10.170"/>
  <system-out/>
</testsuite> <!-- com.DowntimeAnalysisPage.YearlyToMonthlyChartNavigationTest -->
