<?xml version="1.0" encoding="UTF-8"?>
<!-- Generated by org.testng.reporters.JUnitReportReporter -->
<testsuite hostname="SCIL-GWL-355" failures="0" tests="1" name="com.ReasonLinkingPage.ReasonLinkingCombinedTest" time="8.120" errors="0" timestamp="2025-09-09T16:31:37 IST" skipped="0">
  <testcase classname="com.ReasonLinkingPage.ReasonLinkingCombinedTest" name="Reasonlinkingpage" time="8.120"/>
  <system-out/>
</testsuite> <!-- com.ReasonLinkingPage.ReasonLinkingCombinedTest -->
