<?xml version="1.0" encoding="UTF-8"?>
<!-- Generated by org.testng.reporters.JUnitReportReporter -->
<testsuite hostname="SCIL-GWL-355" failures="0" tests="1" name="com.DowntimeModule.DowntimeDashboardDataValidationTest" time="8.262" errors="0" timestamp="2025-09-19T12:08:20 IST" skipped="0">
  <testcase classname="com.DowntimeModule.DowntimeDashboardDataValidationTest" name="DowntimeDashboardDataValidationTest" time="8.262"/>
  <system-out/>
</testsuite> <!-- com.DowntimeModule.DowntimeDashboardDataValidationTest -->
