<?xml version="1.0" encoding="UTF-8"?>
<!-- Generated by org.testng.reporters.JUnitReportReporter -->
<testsuite hostname="SCIL-GWL-355" failures="0" tests="1" name="com.DowntimeEnhacementPage.DowntimeEnhacementTableExport" time="12.284" errors="0" timestamp="2025-09-19T12:08:20 IST" skipped="0">
  <testcase classname="com.DowntimeEnhacementPage.DowntimeEnhacementTableExport" name="DowntimeEnhacementTableExport" time="12.284"/>
  <system-out/>
</testsuite> <!-- com.DowntimeEnhacementPage.DowntimeEnhacementTableExport -->
