<?xml version="1.0" encoding="UTF-8"?>
<!-- Generated by org.testng.reporters.JUnitReportReporter -->
<testsuite hostname="SCIL-GWL-355" failures="0" tests="1" name="com.DowntimeShiftview.VerifyShiftViewDisplaysDataForDifferentShiftsTest" time="10.298" errors="0" timestamp="2025-09-18T10:47:38 IST" skipped="0">
  <testcase classname="com.DowntimeShiftview.VerifyShiftViewDisplaysDataForDifferentShiftsTest" name="VerifyShiftCViewDisplaysDataForDifferentShiftsTest" time="10.298"/>
  <system-out/>
</testsuite> <!-- com.DowntimeShiftview.VerifyShiftViewDisplaysDataForDifferentShiftsTest -->
