<?xml version="1.0" encoding="UTF-8"?>
<!-- Generated by org.testng.reporters.JUnitReportReporter -->
<testsuite hostname="SCIL-GWL-355" failures="0" tests="1" name="com.DowntimeModule.Dashboard" time="6.907" errors="0" timestamp="2025-08-13T16:47:18 IST" skipped="0">
  <testcase classname="com.DowntimeModule.Dashboard" name="Homepage" time="6.907"/>
  <system-out/>
</testsuite> <!-- com.DowntimeModule.Dashboard -->
